# JRE version: OpenJDK Runtime Environment Temurin-17.0.1+12 (17.0.1+12) (build 17.0.1+12)
# Java VM: OpenJDK 64-Bit Server VM Temurin-17.0.1+12 (17.0.1+12, mixed mode, emulated-client, tiered, compressed oops, compressed class ptrs, g1 gc, windows-amd64)
GC Precious Log:
 CPUs: 8 total, 8 available
 Memory: 7987M
 Large Page Support: Disabled
 NUMA Support: Disabled
 Compressed Oops: Enabled (32-bit)
 Heap Region Size: 1M
 Heap Min Capacity: 8M
 Heap Initial Capacity: 126M
 Heap Max Capacity: 1998M
 Pre-touch: Disabled
 Parallel Workers: 8
 Concurrent Workers: 2
 Concurrent Refinement Workers: 8
 Periodic GC: Disabled
Heap:
 garbage-first heap   total 116736K, used 63703K [0x0000000083200000, 0x0000000100000000)
  region size 1024K, 39 young (39936K), 7 survivors (7168K)
 Metaspace       used 66531K, committed 67008K, reserved 1114112K
  class space    used 8797K, committed 9024K, reserved 1048576K
GC Heap History (20 events):
Event: 2.664 GC heap before
{Heap before GC invocations=11 (full 0):
 garbage-first heap   total 90112K, used 37570K [0x0000000083200000, 0x0000000100000000)
  region size 1024K, 28 young (28672K), 5 survivors (5120K)
 Metaspace       used 35981K, committed 36288K, reserved 1081344K
  class space    used 4450K, committed 4608K, reserved 1048576K
}
Event: 2.670 GC heap after
{Heap after GC invocations=12 (full 0):
 garbage-first heap   total 108544K, used 15576K [0x0000000083200000, 0x0000000100000000)
  region size 1024K, 5 young (5120K), 5 survivors (5120K)
 Metaspace       used 35981K, committed 36288K, reserved 1081344K
  class space    used 4450K, committed 4608K, reserved 1048576K
}
Event: 2.975 GC heap before
{Heap before GC invocations=13 (full 0):
 garbage-first heap   total 58368K, used 45272K [0x0000000083200000, 0x0000000100000000)
  region size 1024K, 34 young (34816K), 5 survivors (5120K)
 Metaspace       used 39362K, committed 39744K, reserved 1089536K
  class space    used 4934K, committed 5120K, reserved 1048576K
}
Event: 2.983 GC heap after
{Heap after GC invocations=14 (full 0):
 garbage-first heap   total 58368K, used 17437K [0x0000000083200000, 0x0000000100000000)
  region size 1024K, 3 young (3072K), 3 survivors (3072K)
 Metaspace       used 39362K, committed 39744K, reserved 1089536K
  class space    used 4934K, committed 5120K, reserved 1048576K
}
Event: 2.999 GC heap before
{Heap before GC invocations=14 (full 0):
 garbage-first heap   total 58368K, used 18461K [0x0000000083200000, 0x0000000100000000)
  region size 1024K, 4 young (4096K), 3 survivors (3072K)
 Metaspace       used 39431K, committed 39808K, reserved 1089536K
  class space    used 4948K, committed 5120K, reserved 1048576K
}
Event: 3.004 GC heap after
{Heap after GC invocations=15 (full 0):
 garbage-first heap   total 58368K, used 17741K [0x0000000083200000, 0x0000000100000000)
  region size 1024K, 1 young (1024K), 1 survivors (1024K)
 Metaspace       used 39431K, committed 39808K, reserved 1089536K
  class space    used 4948K, committed 5120K, reserved 1048576K
}
Event: 3.211 GC heap before
{Heap before GC invocations=15 (full 0):
 garbage-first heap   total 58368K, used 45389K [0x0000000083200000, 0x0000000100000000)
  region size 1024K, 29 young (29696K), 1 survivors (1024K)
 Metaspace       used 41772K, committed 42176K, reserved 1089536K
  class space    used 5235K, committed 5440K, reserved 1048576K
}
Event: 3.216 GC heap after
{Heap after GC invocations=16 (full 0):
 garbage-first heap   total 58368K, used 19162K [0x0000000083200000, 0x0000000100000000)
  region size 1024K, 2 young (2048K), 2 survivors (2048K)
 Metaspace       used 41772K, committed 42176K, reserved 1089536K
  class space    used 5235K, committed 5440K, reserved 1048576K
}
Event: 3.218 GC heap before
{Heap before GC invocations=16 (full 0):
 garbage-first heap   total 58368K, used 45786K [0x0000000083200000, 0x0000000100000000)
  region size 1024K, 29 young (29696K), 2 survivors (2048K)
 Metaspace       used 41772K, committed 42176K, reserved 1089536K
  class space    used 5235K, committed 5440K, reserved 1048576K
}
Event: 3.221 GC heap after
{Heap after GC invocations=17 (full 0):
 garbage-first heap   total 58368K, used 19183K [0x0000000083200000, 0x0000000100000000)
  region size 1024K, 2 young (2048K), 2 survivors (2048K)
 Metaspace       used 41772K, committed 42176K, reserved 1089536K
  class space    used 5235K, committed 5440K, reserved 1048576K
}
Event: 3.373 GC heap before
{Heap before GC invocations=17 (full 0):
 garbage-first heap   total 58368K, used 46831K [0x0000000083200000, 0x0000000100000000)
  region size 1024K, 30 young (30720K), 2 survivors (2048K)
 Metaspace       used 42683K, committed 43072K, reserved 1089536K
  class space    used 5365K, committed 5568K, reserved 1048576K
}
Event: 3.377 GC heap after
{Heap after GC invocations=18 (full 0):
 garbage-first heap   total 149504K, used 20113K [0x0000000083200000, 0x0000000100000000)
  region size 1024K, 3 young (3072K), 3 survivors (3072K)
 Metaspace       used 42683K, committed 43072K, reserved 1089536K
  class space    used 5365K, committed 5568K, reserved 1048576K
}
Event: 4.088 GC heap before
{Heap before GC invocations=18 (full 0):
 garbage-first heap   total 149504K, used 106129K [0x0000000083200000, 0x0000000100000000)
  region size 1024K, 87 young (89088K), 3 survivors (3072K)
 Metaspace       used 50040K, committed 50432K, reserved 1097728K
  class space    used 6397K, committed 6592K, reserved 1048576K
}
Event: 4.093 GC heap after
{Heap after GC invocations=19 (full 0):
 garbage-first heap   total 149504K, used 23246K [0x0000000083200000, 0x0000000100000000)
  region size 1024K, 6 young (6144K), 6 survivors (6144K)
 Metaspace       used 50040K, committed 50432K, reserved 1097728K
  class space    used 6397K, committed 6592K, reserved 1048576K
}
Event: 4.904 GC heap before
{Heap before GC invocations=19 (full 0):
 garbage-first heap   total 149504K, used 106190K [0x0000000083200000, 0x0000000100000000)
  region size 1024K, 87 young (89088K), 6 survivors (6144K)
 Metaspace       used 56578K, committed 57024K, reserved 1105920K
  class space    used 7405K, committed 7616K, reserved 1048576K
}
Event: 4.910 GC heap after
{Heap after GC invocations=20 (full 0):
 garbage-first heap   total 149504K, used 27070K [0x0000000083200000, 0x0000000100000000)
  region size 1024K, 8 young (8192K), 8 survivors (8192K)
 Metaspace       used 56578K, committed 57024K, reserved 1105920K
  class space    used 7405K, committed 7616K, reserved 1048576K
}
Event: 5.707 GC heap before
{Heap before GC invocations=20 (full 0):
 garbage-first heap   total 149504K, used 99774K [0x0000000083200000, 0x0000000100000000)
  region size 1024K, 80 young (81920K), 8 survivors (8192K)
 Metaspace       used 60337K, committed 60736K, reserved 1105920K
  class space    used 8005K, committed 8192K, reserved 1048576K
}
Event: 5.714 GC heap after
{Heap after GC invocations=21 (full 0):
 garbage-first heap   total 149504K, used 31530K [0x0000000083200000, 0x0000000100000000)
  region size 1024K, 9 young (9216K), 9 survivors (9216K)
 Metaspace       used 60337K, committed 60736K, reserved 1105920K
  class space    used 8005K, committed 8192K, reserved 1048576K
}
Event: 28.299 GC heap before
{Heap before GC invocations=22 (full 0):
 garbage-first heap   total 116736K, used 91946K [0x0000000083200000, 0x0000000100000000)
  region size 1024K, 68 young (69632K), 9 survivors (9216K)
 Metaspace       used 63326K, committed 63680K, reserved 1105920K
  class space    used 8422K, committed 8576K, reserved 1048576K
}
Event: 28.304 GC heap after
{Heap after GC invocations=23 (full 0):
 garbage-first heap   total 116736K, used 32983K [0x0000000083200000, 0x0000000100000000)
  region size 1024K, 7 young (7168K), 7 survivors (7168K)
 Metaspace       used 63326K, committed 63680K, reserved 1105920K
  class space    used 8422K, committed 8576K, reserved 1048576K
}

